<?xml version="1.0" encoding="UTF-8"?>
<!-- Generated by org.testng.reporters.JUnitReportReporter -->
<testsuite hostname="DESKTOP-97ESRS2" failures="0" tests="4" name="OrangeHRM.OrangeHRM.LoginTest" time="64.196" errors="0" timestamp="2024-10-02T00:00:04 EDT" skipped="0">
  <testcase classname="OrangeHRM.OrangeHRM.LoginTest" name="inValidUsername" time="13.877"/>
  <testcase classname="OrangeHRM.OrangeHRM.LoginTest" name="inValidPassword" time="12.195"/>
  <testcase classname="OrangeHRM.OrangeHRM.LoginTest" name="inValidLoginTest" time="18.270"/>
  <testcase classname="OrangeHRM.OrangeHRM.LoginTest" name="validLoginTest" time="19.854"/>
</testsuite> <!-- OrangeHRM.OrangeHRM.LoginTest -->
