<?xml version="1.0" encoding="UTF-8"?>
<!-- Generated by org.testng.reporters.JUnitReportReporter -->
<testsuite hostname="DESKTOP-97ESRS2" failures="0" tests="4" name="OrangeHRM.OrangeHRM.test" time="53.601" errors="0" timestamp="2024-10-01T22:06:54 EDT" skipped="0">
  <testcase classname="OrangeHRM.OrangeHRM.test" name="inValidUsername" time="10.798"/>
  <testcase classname="OrangeHRM.OrangeHRM.test" name="validLoginTest" time="16.254"/>
  <testcase classname="OrangeHRM.OrangeHRM.test" name="inValidPassword" time="9.267"/>
  <testcase classname="OrangeHRM.OrangeHRM.test" name="inValidLoginTest" time="17.282"/>
</testsuite> <!-- OrangeHRM.OrangeHRM.test -->
